TN:
SF:src\app\app.ts
FNF:0
FNH:0
DA:16,2
DA:17,1
LF:2
LH:2
BRDA:17,0,0,1
BRDA:17,0,1,0
BRDA:16,1,0,2
BRDA:16,1,1,2
BRDA:16,2,0,1
BRDA:16,2,1,1
BRDA:16,2,2,1
BRF:7
BRH:6
end_of_record
TN:
SF:src\app\repository-list\repository-list.component.ts
FN:34,(anonymous_4)
FN:35,(anonymous_5)
FN:43,(anonymous_6)
FN:48,(anonymous_7)
FN:52,(anonymous_8)
FN:60,(anonymous_9)
FN:65,(anonymous_10)
FN:70,(anonymous_11)
FN:75,(anonymous_12)
FN:20,RepositoryListComponent_scroll_HostBindingHandler
FNF:10
FNH:9
FNDA:15,(anonymous_4)
FNDA:13,(anonymous_5)
FNDA:13,(anonymous_6)
FNDA:15,(anonymous_7)
FNDA:16,(anonymous_8)
FNDA:4,(anonymous_9)
FNDA:2,(anonymous_10)
FNDA:2,(anonymous_11)
FNDA:1,(anonymous_12)
FNDA:0,RepositoryListComponent_scroll_HostBindingHandler
DA:20,3
DA:21,15
DA:32,15
DA:35,15
DA:36,13
DA:38,13
DA:39,13
DA:42,13
DA:43,13
DA:49,15
DA:53,16
DA:54,16
DA:55,16
DA:57,16
DA:61,4
DA:62,4
DA:66,2
DA:67,2
DA:71,2
DA:72,2
DA:74,2
DA:75,1
DA:76,1
LF:23
LH:23
BRDA:38,0,0,13
BRDA:38,0,1,0
BRDA:42,1,0,13
BRDA:42,1,1,0
BRDA:74,2,0,1
BRDA:74,2,1,1
BRDA:20,3,0,3
BRDA:20,3,1,3
BRDA:20,4,0,2
BRDA:20,4,1,2
BRDA:20,4,2,2
BRF:11
BRH:9
end_of_record
TN:
SF:src\app\repository-list\repository-list.service.ts
FN:21,(anonymous_0)
FN:24,(anonymous_1)
FN:31,(anonymous_2)
FN:37,(anonymous_3)
FN:43,(anonymous_4)
FN:44,(anonymous_5)
FN:50,(anonymous_6)
FN:54,(anonymous_7)
FNF:8
FNH:6
FNDA:7,(anonymous_0)
FNDA:0,(anonymous_1)
FNDA:7,(anonymous_2)
FNDA:0,(anonymous_3)
FNDA:2,(anonymous_4)
FNDA:2,(anonymous_5)
FNDA:4,(anonymous_6)
FNDA:7,(anonymous_7)
DA:8,5
DA:11,7
DA:12,7
DA:18,7
DA:19,7
DA:22,7
DA:24,7
DA:25,0
DA:26,0
DA:31,7
DA:35,7
DA:38,0
DA:39,0
DA:40,0
DA:44,2
DA:51,4
DA:55,7
DA:57,7
DA:58,2
DA:59,2
DA:62,1
LF:21
LH:16
BRDA:57,0,0,2
BRDA:57,0,1,5
BRDA:8,1,0,10
BRDA:8,1,1,10
BRF:4
BRH:4
end_of_record
TN:
SF:src\app\repository-list\repository-list-item\repository-list-item.component.ts
FN:26,(anonymous_1)
FNF:1
FNH:1
FNDA:2,(anonymous_1)
DA:16,12
DA:17,8
DA:18,8
DA:24,8
DA:27,2
LF:5
LH:5
BRDA:16,0,0,12
BRDA:16,0,1,12
BRDA:16,1,0,4
BRDA:16,1,1,4
BRDA:16,1,2,4
BRF:5
BRH:5
end_of_record
TN:
SF:src\app\repository-list\repository-list-modal\repository-list-modal.component.ts
FN:26,(anonymous_0)
FN:30,(anonymous_1)
FNF:2
FNH:2
FNDA:14,(anonymous_0)
FNDA:6,(anonymous_1)
DA:18,3
DA:19,12
DA:23,12
DA:24,12
DA:27,14
DA:31,6
DA:32,4
DA:38,6
LF:8
LH:8
BRDA:27,0,0,14
BRDA:27,0,1,1
BRDA:31,1,0,4
BRDA:31,1,1,2
BRDA:18,2,0,3
BRDA:18,2,1,3
BRDA:18,3,0,3
BRDA:18,3,1,3
BRDA:18,3,2,3
BRF:9
BRH:9
end_of_record
TN:
SF:src\app\shared\header\header.component.ts
FNF:0
FNH:0
DA:9,5
LF:1
LH:1
BRDA:9,0,0,5
BRDA:9,0,1,5
BRDA:9,1,0,2
BRDA:9,1,1,2
BRDA:9,1,2,2
BRF:5
BRH:5
end_of_record
TN:
SF:src\app\shared\modal\modal.component.ts
FN:12,(anonymous_0)
FNF:1
FNH:1
FNDA:2,(anonymous_0)
DA:9,21
DA:10,17
DA:13,2
LF:3
LH:3
BRDA:9,0,0,21
BRDA:9,0,1,21
BRDA:9,1,0,4
BRDA:9,1,1,4
BRDA:9,1,2,4
BRF:5
BRH:5
end_of_record
TN:
SF:src\app\shared\pipes\timestamp-to-time-interval.pipe.ts
FN:7,(anonymous_0)
FNF:1
FNH:1
FNDA:20,(anonymous_0)
DA:6,13
DA:8,20
DA:10,19
DA:11,19
DA:13,19
DA:14,19
DA:15,19
DA:16,19
DA:17,19
DA:18,19
DA:19,19
DA:21,19
DA:22,18
DA:23,16
DA:24,6
DA:25,4
DA:27,2
LF:17
LH:17
BRDA:8,0,0,1
BRDA:8,0,1,19
BRDA:21,1,0,1
BRDA:21,1,1,18
BRDA:22,2,0,2
BRDA:22,2,1,16
BRDA:22,3,0,1
BRDA:22,3,1,1
BRDA:23,4,0,10
BRDA:23,4,1,6
BRDA:23,5,0,1
BRDA:23,5,1,9
BRDA:24,6,0,2
BRDA:24,6,1,4
BRDA:24,7,0,1
BRDA:24,7,1,1
BRDA:25,8,0,2
BRDA:25,8,1,2
BRDA:25,9,0,1
BRDA:25,9,1,1
BRDA:27,10,0,1
BRDA:27,10,1,1
BRDA:6,11,0,13
BRDA:6,11,1,13
BRF:24
BRH:24
end_of_record
TN:
SF:src\app\shared\rating\rating.component.ts
FN:30,(anonymous_11)
FN:40,(anonymous_12)
FN:44,(anonymous_13)
FN:48,(anonymous_14)
FN:12,RatingComponent_Template
FNF:5
FNH:5
FNDA:30,(anonymous_11)
FNDA:5,(anonymous_12)
FNDA:2,(anonymous_13)
FNDA:3,(anonymous_14)
FNDA:142,RatingComponent_Template
DA:12,41
DA:17,36
DA:31,30
DA:32,22
DA:34,22
DA:35,21
DA:41,5
DA:45,2
DA:49,3
DA:50,3
LF:10
LH:10
BRDA:31,0,0,22
BRDA:31,0,1,8
BRDA:34,1,0,21
BRDA:34,1,1,1
BRDA:12,2,0,41
BRDA:12,2,1,41
BRDA:12,3,0,5
BRDA:12,3,1,5
BRDA:12,3,2,5
BRF:9
BRH:9
end_of_record
TN:
SF:src\app\shared\rating\star.component.ts
FNF:0
FNH:0
DA:12,195
DA:15,190
DA:16,190
LF:3
LH:3
BRDA:12,0,0,195
BRDA:12,0,1,195
BRDA:12,1,0,5
BRDA:12,1,1,5
BRDA:12,1,2,5
BRF:5
BRH:5
end_of_record
